<?xml version="1.0" encoding="UTF-8"?>
<!-- Generated by org.testng.reporters.JUnitXMLReporter -->
<testsuite hostname="Kiruthik" ignored="0" name="Registering_PatientDetails_Confirmation" tests="5" failures="0" timestamp="17 Jun 2021 03:57:40 GMT" time="64.94" errors="0">
  <testcase name="a_pageLoad" time="13.335" classname="assignmentsTestNG.OpenMRS"/>
  <testcase name="b_login" time="7.468" classname="assignmentsTestNG.OpenMRS"/>
  <testcase name="c_personalDetails" time="15.392" classname="assignmentsTestNG.OpenMRS"/>
  <testcase name="d_generalDetails" time="6.464" classname="assignmentsTestNG.OpenMRS"/>
  <testcase name="f_confirm" time="22.254" classname="assignmentsTestNG.OpenMRS"/>
</testsuite> <!-- Registering_PatientDetails_Confirmation -->
