<?xml version="1.0" encoding="UTF-8"?>
<!-- Generated by org.testng.reporters.JUnitXMLReporter -->
<testsuite hostname="Kiruthik" ignored="0" name="SearchingLaptopAnd_PrintingTitle_Attributes_CSS_URL_InConsole" tests="2" failures="0" timestamp="17 Jun 2021 03:56:20 GMT" time="16.229" errors="0">
  <testcase name="a_pageLoad" time="6.787" classname="assignmentsTestNG.TutorialsNinjaSearch"/>
  <testcase name="b_laptop" time="9.429" classname="assignmentsTestNG.TutorialsNinjaSearch"/>
</testsuite> <!-- SearchingLaptopAnd_PrintingTitle_Attributes_CSS_URL_InConsole -->
