<?xml version="1.0" encoding="UTF-8"?>
<!-- Generated by org.testng.reporters.JUnitXMLReporter -->
<testsuite hostname="Kiruthik" ignored="0" name="SearchingProduct_AddingToCart_RemovingFromCart" tests="2" failures="0" timestamp="17 Jun 2021 03:56:04 GMT" time="25.293" errors="0">
  <testcase name="a_pageLoad" time="6.95" classname="assignmentsTestNG.TutorialsNinjaAddToCart"/>
  <testcase name="b_productAddRemove" time="18.327" classname="assignmentsTestNG.TutorialsNinjaAddToCart"/>
</testsuite> <!-- SearchingProduct_AddingToCart_RemovingFromCart -->
