<?xml version="1.0" encoding="UTF-8"?>
<!-- Generated by org.testng.reporters.JUnitXMLReporter -->
<testsuite hostname="Kiruthik" ignored="0" name="SignIn_SignOut" tests="3" failures="0" timestamp="17 Jun 2021 03:56:35 GMT" time="14.089" errors="0">
  <testcase name="pageLoad" time="5.467" classname="assignmentsTestNG.SwagLabs"/>
  <testcase name="signIn" time="4.328" classname="assignmentsTestNG.SwagLabs"/>
  <testcase name="signOut" time="4.275" classname="assignmentsTestNG.SwagLabs"/>
</testsuite> <!-- SignIn_SignOut -->
