<?xml version="1.0" encoding="UTF-8"?>
<!-- Generated by org.testng.reporters.JUnitXMLReporter -->
<testsuite hostname="Kiruthik" ignored="0" name="From_Alert" tests="3" failures="1" timestamp="07 Aug 2021 06:09:07 GMT" time="18.574" errors="0">
  <testcase name="browser" time="17.071" classname="homePractice.SeleniumPractice"/>
  <testcase name="closure" time="1.324" classname="homePractice.SeleniumPractice"/>
  <testcase name="a" time="0.023" classname="homePractice.SeleniumPractice">
    <failure type="org.openqa.selenium.NoSuchSessionException" message="Session ID is null. Using WebDriver after calling quit()?
Build info: version: &amp;apos;3.141.59&amp;apos;, revision: &amp;apos;e82be7d358&amp;apos;, time: &amp;apos;2018-11-14T08:25:48&amp;apos;
System info: host: &amp;apos;KIRUTHIK&amp;apos;, ip: &amp;apos;192.168.43.31&amp;apos;, os.name: &amp;apos;Windows 8&amp;apos;, os.arch: &amp;apos;x86&amp;apos;, os.version: &amp;apos;6.2&amp;apos;, java.version: &amp;apos;1.8.0_281&amp;apos;
Driver info: driver.version: RemoteWebDriver">
      <![CDATA[org.openqa.selenium.NoSuchSessionException: Session ID is null. Using WebDriver after calling quit()?
Build info: version: '3.141.59', revision: 'e82be7d358', time: '2018-11-14T08:25:48'
System info: host: 'KIRUTHIK', ip: '192.168.43.31', os.name: 'Windows 8', os.arch: 'x86', os.version: '6.2', java.version: '1.8.0_281'
Driver info: driver.version: RemoteWebDriver
at org.openqa.selenium.remote.HttpCommandExecutor.execute(HttpCommandExecutor.java:125)
at org.openqa.selenium.remote.service.DriverCommandExecutor.execute(DriverCommandExecutor.java:83)
at org.openqa.selenium.remote.RemoteWebDriver.execute(RemoteWebDriver.java:552)
at org.openqa.selenium.remote.RemoteWebDriver$RemoteWebDriverOptions$RemoteTimeouts.implicitlyWait(RemoteWebDriver.java:780)
at homePractice.SeleniumPractice.a(SeleniumPractice.java:23)
... Removed 25 stack frames]]>
    </failure>
  </testcase> <!-- a -->
</testsuite> <!-- From_Alert -->
