<?xml version="1.0" encoding="UTF-8"?>
<!-- Generated by org.testng.reporters.JUnitXMLReporter -->
<testsuite hostname="Kiruthik" ignored="2" name="BrowserOpened_Login_NavigateBack_Logout_CloseBrowser" tests="3" failures="0" timestamp="24 Jul 2021 07:38:16 GMT" time="20.425" errors="0">
  <testcase name="pageLoad" time="13.413" classname="homePractice.SeleniumPractice"/>
  <testcase name="signInPage" time="1.116" classname="homePractice.SeleniumPractice"/>
  <testcase name="logInPage" time="5.706" classname="homePractice.SeleniumPractice"/>
  <testcase name="logOutClick" time="0.0" classname="homePractice.SeleniumPractice">
    <ignored/>
  </testcase> <!-- logOutClick -->
  <testcase name="closeBrowser" time="0.0" classname="homePractice.SeleniumPractice">
    <ignored/>
  </testcase> <!-- closeBrowser -->
</testsuite> <!-- BrowserOpened_Login_NavigateBack_Logout_CloseBrowser -->
