<?xml version="1.0" encoding="UTF-8"?>
<!-- Generated by org.testng.reporters.JUnitXMLReporter -->
<testsuite hostname="Kiruthik" ignored="0" name="BrowserOpened_JPetStore" tests="4" failures="0" timestamp="26 Jul 2021 05:56:55 GMT" time="20.061" errors="0">
  <testcase name="pageLoad" time="4.88" classname="assignmentsTestNG.JPetStore"/>
  <testcase name="userInformation" time="3.631" classname="assignmentsTestNG.JPetStore"/>
  <testcase name="accountInformation" time="4.977" classname="assignmentsTestNG.JPetStore"/>
  <testcase name="profileInformation" time="6.548" classname="assignmentsTestNG.JPetStore"/>
</testsuite> <!-- BrowserOpened_JPetStore -->
