<?xml version="1.0" encoding="UTF-8"?>
<!-- Generated by org.testng.reporters.JUnitXMLReporter -->
<testsuite hostname="Kiruthik" ignored="3" name="BrowserOpened_Login_SearchProduct_AddToCart_ProductBuy_Logout" tests="0" failures="0" timestamp="24 Jul 2021 06:38:23 GMT" time="0.026" errors="0">
  <testcase name="loginPage" time="0.0" classname="homePractice.SeleniumPractice">
    <ignored/>
  </testcase> <!-- loginPage -->
  <testcase name="openBrowser" time="0.0" classname="homePractice.SeleniumPractice">
    <ignored/>
  </testcase> <!-- openBrowser -->
  <testcase name="url" time="0.0" classname="homePractice.SeleniumPractice">
    <ignored/>
  </testcase> <!-- url -->
</testsuite> <!-- BrowserOpened_Login_SearchProduct_AddToCart_ProductBuy_Logout -->
