<?xml version="1.0" encoding="UTF-8"?>
<!-- Generated by org.testng.reporters.JUnitXMLReporter -->
<testsuite hostname="Kiruthik" ignored="0" name="BrowserOpened_GetText_AssertEqual_AssertNotEqual_True_NotNull" tests="5" failures="0" timestamp="26 Jul 2021 05:56:10 GMT" time="27.282" errors="0">
  <testcase name="a_pageLoad" time="25.367" classname="homePractice.SeleniumPractice"/>
  <testcase name="b_assertEqual" time="0.168" classname="homePractice.SeleniumPractice"/>
  <testcase name="c_assertNotEqual" time="0.079" classname="homePractice.SeleniumPractice"/>
  <testcase name="d_assertTrue" time="0.071" classname="homePractice.SeleniumPractice"/>
  <testcase name="e_assertNotNull" time="1.431" classname="homePractice.SeleniumPractice"/>
</testsuite> <!-- BrowserOpened_GetText_AssertEqual_AssertNotEqual_True_NotNull -->
