<?xml version="1.0" encoding="UTF-8"?>
<!-- Generated by org.testng.reporters.JUnitXMLReporter -->
<testsuite hostname="Kiruthik" ignored="1" name="BrowserOpen_TabSwitch_ClosingAllTabs" tests="2" failures="0" timestamp="07 Aug 2021 06:01:36 GMT" time="18.482" errors="0">
  <testcase name="browser" time="17.127" classname="homePractice.SeleniumPractice"/>
  <testcase name="closure" time="1.213" classname="homePractice.SeleniumPractice"/>
  <testcase name="a" time="0.0" classname="homePractice.SeleniumPractice">
    <ignored/>
  </testcase> <!-- a -->
</testsuite> <!-- BrowserOpen_TabSwitch_ClosingAllTabs -->
