<?xml version="1.0" encoding="UTF-8"?>
<!-- Generated by org.testng.reporters.JUnitXMLReporter -->
<testsuite hostname="Kiruthik" ignored="3" name="Demo" tests="3" failures="0" timestamp="20 Aug 2021 06:31:53 GMT" time="0.204" errors="0">
  <testcase name="correlation" time="0.062" classname="homePractice.SeleniumPractice"/>
  <testcase name="subquery" time="0.017" classname="homePractice.SeleniumPractice"/>
  <testcase name="tableInline" time="0.0" classname="homePractice.SeleniumPractice"/>
  <testcase name="polymorphism" time="0.0" classname="homePractice.SeleniumPractice">
    <ignored/>
  </testcase> <!-- polymorphism -->
  <testcase name="abstraction" time="0.0" classname="homePractice.SeleniumPractice">
    <ignored/>
  </testcase> <!-- abstraction -->
  <testcase name="inheritance" time="0.0" classname="homePractice.SeleniumPractice">
    <ignored/>
  </testcase> <!-- inheritance -->
</testsuite> <!-- Demo -->
