<?xml version="1.0" encoding="UTF-8"?>
<!-- Generated by org.testng.reporters.JUnitXMLReporter -->
<testsuite hostname="Kiruthik" ignored="0" name="Parameter" tests="1" failures="1" timestamp="14 Aug 2021 05:42:39 GMT" time="0.193" errors="0">
  <testcase name="parameter" time="0.0" classname="homePractice.SeleniumPractice">
    <failure type="org.testng.TestNGException" message="
Cannot inject @Test annotated Method [parameter] with [class java.lang.String].
For more information on native dependency injection please refer to http://testng.org/doc/documentation-main.html#native-dependency-injection">
      <![CDATA[org.testng.TestNGException: 
Cannot inject @Test annotated Method [parameter] with [class java.lang.String].
For more information on native dependency injection please refer to http://testng.org/doc/documentation-main.html#native-dependency-injection
... Removed 24 stack frames]]>
    </failure>
  </testcase> <!-- parameter -->
</testsuite> <!-- Parameter -->
