<?xml version="1.0" encoding="UTF-8"?>
<!-- Generated by org.testng.reporters.JUnitXMLReporter -->
<testsuite hostname="Kiruthik" ignored="3" name="BrowserOpened_GetText_AssertEqual_AssertNotEqual_True_NotNull" tests="3" failures="0" timestamp="26 Jul 2021 06:00:00 GMT" time="0.182" errors="0">
  <testcase name="f1" time="0.057" classname="testNGFramework.GroupingConcepts"/>
  <testcase name="f3" time="0.012" classname="testNGFramework.GroupingConcepts"/>
  <testcase name="f5" time="0.004" classname="testNGFramework.GroupingConcepts"/>
  <testcase name="f4" time="0.0" classname="testNGFramework.GroupingConcepts">
    <ignored/>
  </testcase> <!-- f4 -->
  <testcase name="f6" time="0.0" classname="testNGFramework.GroupingConcepts">
    <ignored/>
  </testcase> <!-- f6 -->
  <testcase name="f2" time="0.0" classname="testNGFramework.GroupingConcepts">
    <ignored/>
  </testcase> <!-- f2 -->
</testsuite> <!-- BrowserOpened_GetText_AssertEqual_AssertNotEqual_True_NotNull -->
