<?xml version="1.0" encoding="UTF-8"?>
<!-- Generated by org.testng.reporters.JUnitXMLReporter -->
<testsuite hostname="Kiruthik" ignored="3" name="GroupingConcepts" tests="3" failures="0" timestamp="24 Jul 2021 06:34:17 GMT" time="0.441" errors="0">
  <testcase name="f2" time="0.05" classname="testNGFramework.GroupingConcepts"/>
  <testcase name="f4" time="0.004" classname="testNGFramework.GroupingConcepts"/>
  <testcase name="f6" time="0.01" classname="testNGFramework.GroupingConcepts"/>
  <testcase name="f3" time="0.0" classname="testNGFramework.GroupingConcepts">
    <ignored/>
  </testcase> <!-- f3 -->
  <testcase name="f5" time="0.0" classname="testNGFramework.GroupingConcepts">
    <ignored/>
  </testcase> <!-- f5 -->
  <testcase name="f1" time="0.0" classname="testNGFramework.GroupingConcepts">
    <ignored/>
  </testcase> <!-- f1 -->
</testsuite> <!-- GroupingConcepts -->
